app/build/outputs/logs/manifest-merger-debug-report.txt
-- Merging decision tree log ---
manifest
ADDED from src\main\AndroidManifest.xml:1:1-46:12
	xmlns:android
		ADDED from src\main\AndroidManifest.xml:1:11-69
	package
		ADDED from src\main\AndroidManifest.xml:2:5-38
		INJECTED from src\main\AndroidManifest.xml
		INJECTED from src\main\AndroidManifest.xml
	android:versionName
		ADDED from src\main\AndroidManifest.xml:4:5-30
	android:versionCode
		ADDED from src\main\AndroidManifest.xml:3:5-28
		INJECTED from src\main\AndroidManifest.xml
		INJECTED from src\main\AndroidManifest.xml
uses-sdk
ADDED from src\main\AndroidManifest.xml:6:5-8:41
	android:targetSdkVersion
		ADDED from src\main\AndroidManifest.xml:8:9-38
		INJECTED from src\main\AndroidManifest.xml
		INJECTED from src\main\AndroidManifest.xml
	android:minSdkVersion
		ADDED from src\main\AndroidManifest.xml:7:9-34
		INJECTED from src\main\AndroidManifest.xml
		INJECTED from src\main\AndroidManifest.xml
uses-permission#android.permission.VIBRATE
ADDED from src\main\AndroidManifest.xml:9:5-65
	android:name
		ADDED from src\main\AndroidManifest.xml:9:22-63
application
ADDED from src\main\AndroidManifest.xml:11:5-44:19
	android:label
		ADDED from src\main\AndroidManifest.xml:13:9-41
	android:icon
		ADDED from src\main\AndroidManifest.xml:12:9-45
	android:theme
		ADDED from src\main\AndroidManifest.xml:14:9-40
activity#com.benlay.minedetector.MineDetectorMenu
ADDED from src\main\AndroidManifest.xml:15:9-24:20
	android:screenOrientation
		ADDED from src\main\AndroidManifest.xml:18:13-49
	android:label
		ADDED from src\main\AndroidManifest.xml:17:13-70
	android:name
		ADDED from src\main\AndroidManifest.xml:16:13-45
intent-filter#android.intent.action.MAIN+android.intent.category.LAUNCHER
ADDED from src\main\AndroidManifest.xml:19:13-23:29
action#android.intent.action.MAIN
ADDED from src\main\AndroidManifest.xml:20:17-69
	android:name
		ADDED from src\main\AndroidManifest.xml:20:25-66
category#android.intent.category.LAUNCHER
ADDED from src\main\AndroidManifest.xml:22:17-77
	android:name
		ADDED from src\main\AndroidManifest.xml:22:27-74
activity#com.benlay.minedetector.GameActivity
ADDED from src\main\AndroidManifest.xml:25:9-29:14
	android:screenOrientation
		ADDED from src\main\AndroidManifest.xml:28:8-44
	android:label
		ADDED from src\main\AndroidManifest.xml:26:8-40
	android:configChanges
		ADDED from src\main\AndroidManifest.xml:27:8-67
	android:name
		ADDED from src\main\AndroidManifest.xml:25:19-47
activity#com.benlay.minedetector.GameMode
ADDED from src\main\AndroidManifest.xml:30:3-34:14
	android:screenOrientation
		ADDED from src\main\AndroidManifest.xml:33:8-44
	android:label
		ADDED from src\main\AndroidManifest.xml:31:8-40
	android:configChanges
		ADDED from src\main\AndroidManifest.xml:32:8-67
	android:name
		ADDED from src\main\AndroidManifest.xml:30:13-37
activity#com.benlay.minedetector.About
ADDED from src\main\AndroidManifest.xml:35:3-39:14
	android:screenOrientation
		ADDED from src\main\AndroidManifest.xml:38:4-40
	android:label
		ADDED from src\main\AndroidManifest.xml:36:8-40
	android:theme
		ADDED from src\main\AndroidManifest.xml:37:4-47
	android:name
		ADDED from src\main\AndroidManifest.xml:35:13-34
activity#com.benlay.minedetector.Settings
ADDED from src\main\AndroidManifest.xml:40:3-42:14
	android:label
		ADDED from src\main\AndroidManifest.xml:41:4-42
	android:name
		ADDED from src\main\AndroidManifest.xml:40:13-37